Build started 2014-01-24 15:51:11.
     1>Project "C:\Users\Spork\Documents\GitHub\Boring-Warrior_Escape\Escape_V2\Escape_V2\Escape_V2.vcxproj" on node 2 (Build target(s)).
     1>ClCompile:
         C:\Program Files (x86)\Microsoft Visual Studio 11.0\VC\bin\CL.exe /c /I"..\Deps\SFML-2.1\include\\" /ZI /nologo /W3 /WX- /sdl /Od /Oy- /D _MBCS /Gm /EHsc /RTC1 /MDd /GS /fp:precise /Zc:wchar_t /Zc:forScope /Fo"Debug\\" /Fd"Debug\vc110.pdb" /Gd /TP /analyze- /errorReport:prompt StartMenuState.cpp
         StartMenuState.cpp
       Link:
         C:\Program Files (x86)\Microsoft Visual Studio 11.0\VC\bin\link.exe /ERRORREPORT:PROMPT /OUT:"C:\Users\Spork\Documents\GitHub\Boring-Warrior_Escape\Escape_V2\Debug\Escape_V2.exe" /INCREMENTAL /NOLOGO /LIBPATH:"..\Deps\SFML-2.1\lib" "sfml-graphics-s-d.lib" "sfml-window-s-d.lib" "sfml-system-s-d.lib" kernel32.lib user32.lib gdi32.lib winspool.lib comdlg32.lib advapi32.lib shell32.lib ole32.lib oleaut32.lib uuid.lib odbc32.lib odbccp32.lib /MANIFEST /MANIFESTUAC:"level='asInvoker' uiAccess='false'" /manifest:embed /DEBUG /PDB:"C:\Users\Spork\Documents\GitHub\Boring-Warrior_Escape\Escape_V2\Debug\Escape_V2.pdb" /TLBID:1 /DYNAMICBASE /NXCOMPAT /IMPLIB:"C:\Users\Spork\Documents\GitHub\Boring-Warrior_Escape\Escape_V2\Debug\Escape_V2.lib" /MACHINE:X86 Debug\CreditState.obj
         Debug\Engine.obj
         Debug\GameState.obj
         Debug\LoadingState.obj
         Debug\main.obj
         Debug\OptionsState.obj
         Debug\StartMenuState.obj
         Debug\State.obj
         Debug\StateManager.obj
     1>LoadingState.obj : warning LNK4217: locally defined symbol ??0String@sf@@QAE@PBDABVlocale@std@@@Z (public: __thiscall sf::String::String(char const *,class std::locale const &)) imported in function "public: virtual void __thiscall LoadingState::Enter(void)" (?Enter@LoadingState@@UAEXXZ)
     1>LoadingState.obj : warning LNK4217: locally defined symbol ??1String@sf@@QAE@XZ (public: __thiscall sf::String::~String(void)) imported in function "public: virtual void __thiscall LoadingState::Enter(void)" (?Enter@LoadingState@@UAEXXZ)
     1>LoadingState.obj : warning LNK4217: locally defined symbol ??0VideoMode@sf@@QAE@III@Z (public: __thiscall sf::VideoMode::VideoMode(unsigned int,unsigned int,unsigned int)) imported in function "public: virtual void __thiscall LoadingState::Enter(void)" (?Enter@LoadingState@@UAEXXZ)
     1>LoadingState.obj : warning LNK4217: locally defined symbol ??0RenderWindow@sf@@QAE@VVideoMode@1@ABVString@1@IABUContextSettings@1@@Z (public: __thiscall sf::RenderWindow::RenderWindow(class sf::VideoMode,class sf::String const &,unsigned int,struct sf::ContextSettings const &)) imported in function "public: virtual void __thiscall LoadingState::Enter(void)" (?Enter@LoadingState@@UAEXXZ)
     1>LoadingState.obj : warning LNK4217: locally defined symbol ??1RenderWindow@sf@@UAE@XZ (public: virtual __thiscall sf::RenderWindow::~RenderWindow(void)) imported in function "public: virtual void * __thiscall sf::RenderWindow::`scalar deleting destructor'(unsigned int)" (??_GRenderWindow@sf@@UAEPAXI@Z)
     1>StartMenuState.obj : warning LNK4217: locally defined symbol ?close@Window@sf@@QAEXXZ (public: void __thiscall sf::Window::close(void)) imported in function "public: void __thiscall StartMenuState::UpdateEvents(void)" (?UpdateEvents@StartMenuState@@QAEXXZ)
     1>StartMenuState.obj : warning LNK4217: locally defined symbol ?pollEvent@Window@sf@@QAE_NAAVEvent@2@@Z (public: bool __thiscall sf::Window::pollEvent(class sf::Event &)) imported in function "public: void __thiscall StartMenuState::UpdateEvents(void)" (?UpdateEvents@StartMenuState@@QAEXXZ)
     1>StartMenuState.obj : warning LNK4217: locally defined symbol ?display@Window@sf@@QAEXXZ (public: void __thiscall sf::Window::display(void)) imported in function "public: virtual void __thiscall StartMenuState::Draw(void)" (?Draw@StartMenuState@@UAEXXZ)
     1>StartMenuState.obj : warning LNK4217: locally defined symbol ??0Color@sf@@QAE@EEEE@Z (public: __thiscall sf::Color::Color(unsigned char,unsigned char,unsigned char,unsigned char)) imported in function "public: virtual void __thiscall StartMenuState::Draw(void)" (?Draw@StartMenuState@@UAEXXZ)
     1>StartMenuState.obj : warning LNK4217: locally defined symbol ?clear@RenderTarget@sf@@QAEXABVColor@2@@Z (public: void __thiscall sf::RenderTarget::clear(class sf::Color const &)) imported in function "public: virtual void __thiscall StartMenuState::Draw(void)" (?Draw@StartMenuState@@UAEXXZ)
     1>sfml-graphics-s-d.lib(Color.cpp.obj) : warning LNK4099: PDB 'sfml-graphics-s-d.pdb' was not found with 'sfml-graphics-s-d.lib(Color.cpp.obj)' or at 'C:\Users\Spork\Documents\GitHub\Boring-Warrior_Escape\Escape_V2\Debug\sfml-graphics-s-d.pdb'; linking object as if no debug info
     1>sfml-graphics-s-d.lib(GLCheck.cpp.obj) : warning LNK4099: PDB 'sfml-graphics-s-d.pdb' was not found with 'sfml-graphics-s-d.lib(GLCheck.cpp.obj)' or at 'C:\Users\Spork\Documents\GitHub\Boring-Warrior_Escape\Escape_V2\Debug\sfml-graphics-s-d.pdb'; linking object as if no debug info
     1>sfml-graphics-s-d.lib(Image.cpp.obj) : warning LNK4099: PDB 'sfml-graphics-s-d.pdb' was not found with 'sfml-graphics-s-d.lib(Image.cpp.obj)' or at 'C:\Users\Spork\Documents\GitHub\Boring-Warrior_Escape\Escape_V2\Debug\sfml-graphics-s-d.pdb'; linking object as if no debug info
     1>sfml-graphics-s-d.lib(ImageLoader.cpp.obj) : warning LNK4099: PDB 'sfml-graphics-s-d.pdb' was not found with 'sfml-graphics-s-d.lib(ImageLoader.cpp.obj)' or at 'C:\Users\Spork\Documents\GitHub\Boring-Warrior_Escape\Escape_V2\Debug\sfml-graphics-s-d.pdb'; linking object as if no debug info
     1>sfml-graphics-s-d.lib(RenderTarget.cpp.obj) : warning LNK4099: PDB 'sfml-graphics-s-d.pdb' was not found with 'sfml-graphics-s-d.lib(RenderTarget.cpp.obj)' or at 'C:\Users\Spork\Documents\GitHub\Boring-Warrior_Escape\Escape_V2\Debug\sfml-graphics-s-d.pdb'; linking object as if no debug info
     1>sfml-graphics-s-d.lib(RenderWindow.cpp.obj) : warning LNK4099: PDB 'sfml-graphics-s-d.pdb' was not found with 'sfml-graphics-s-d.lib(RenderWindow.cpp.obj)' or at 'C:\Users\Spork\Documents\GitHub\Boring-Warrior_Escape\Escape_V2\Debug\sfml-graphics-s-d.pdb'; linking object as if no debug info
     1>sfml-graphics-s-d.lib(Shader.cpp.obj) : warning LNK4099: PDB 'sfml-graphics-s-d.pdb' was not found with 'sfml-graphics-s-d.lib(Shader.cpp.obj)' or at 'C:\Users\Spork\Documents\GitHub\Boring-Warrior_Escape\Escape_V2\Debug\sfml-graphics-s-d.pdb'; linking object as if no debug info
     1>sfml-graphics-s-d.lib(Texture.cpp.obj) : warning LNK4099: PDB 'sfml-graphics-s-d.pdb' was not found with 'sfml-graphics-s-d.lib(Texture.cpp.obj)' or at 'C:\Users\Spork\Documents\GitHub\Boring-Warrior_Escape\Escape_V2\Debug\sfml-graphics-s-d.pdb'; linking object as if no debug info
     1>sfml-graphics-s-d.lib(TextureSaver.cpp.obj) : warning LNK4099: PDB 'sfml-graphics-s-d.pdb' was not found with 'sfml-graphics-s-d.lib(TextureSaver.cpp.obj)' or at 'C:\Users\Spork\Documents\GitHub\Boring-Warrior_Escape\Escape_V2\Debug\sfml-graphics-s-d.pdb'; linking object as if no debug info
     1>sfml-graphics-s-d.lib(Transform.cpp.obj) : warning LNK4099: PDB 'sfml-graphics-s-d.pdb' was not found with 'sfml-graphics-s-d.lib(Transform.cpp.obj)' or at 'C:\Users\Spork\Documents\GitHub\Boring-Warrior_Escape\Escape_V2\Debug\sfml-graphics-s-d.pdb'; linking object as if no debug info
     1>sfml-graphics-s-d.lib(View.cpp.obj) : warning LNK4099: PDB 'sfml-graphics-s-d.pdb' was not found with 'sfml-graphics-s-d.lib(View.cpp.obj)' or at 'C:\Users\Spork\Documents\GitHub\Boring-Warrior_Escape\Escape_V2\Debug\sfml-graphics-s-d.pdb'; linking object as if no debug info
     1>sfml-graphics-s-d.lib(Vertex.cpp.obj) : warning LNK4099: PDB 'sfml-graphics-s-d.pdb' was not found with 'sfml-graphics-s-d.lib(Vertex.cpp.obj)' or at 'C:\Users\Spork\Documents\GitHub\Boring-Warrior_Escape\Escape_V2\Debug\sfml-graphics-s-d.pdb'; linking object as if no debug info
     1>sfml-window-s-d.lib(GlContext.cpp.obj) : warning LNK4099: PDB 'sfml-window-s-d.pdb' was not found with 'sfml-window-s-d.lib(GlContext.cpp.obj)' or at 'C:\Users\Spork\Documents\GitHub\Boring-Warrior_Escape\Escape_V2\Debug\sfml-window-s-d.pdb'; linking object as if no debug info
     1>sfml-window-s-d.lib(GlResource.cpp.obj) : warning LNK4099: PDB 'sfml-window-s-d.pdb' was not found with 'sfml-window-s-d.lib(GlResource.cpp.obj)' or at 'C:\Users\Spork\Documents\GitHub\Boring-Warrior_Escape\Escape_V2\Debug\sfml-window-s-d.pdb'; linking object as if no debug info
     1>sfml-window-s-d.lib(JoystickManager.cpp.obj) : warning LNK4099: PDB 'sfml-window-s-d.pdb' was not found with 'sfml-window-s-d.lib(JoystickManager.cpp.obj)' or at 'C:\Users\Spork\Documents\GitHub\Boring-Warrior_Escape\Escape_V2\Debug\sfml-window-s-d.pdb'; linking object as if no debug info
     1>sfml-window-s-d.lib(VideoMode.cpp.obj) : warning LNK4099: PDB 'sfml-window-s-d.pdb' was not found with 'sfml-window-s-d.lib(VideoMode.cpp.obj)' or at 'C:\Users\Spork\Documents\GitHub\Boring-Warrior_Escape\Escape_V2\Debug\sfml-window-s-d.pdb'; linking object as if no debug info
     1>sfml-window-s-d.lib(Window.cpp.obj) : warning LNK4099: PDB 'sfml-window-s-d.pdb' was not found with 'sfml-window-s-d.lib(Window.cpp.obj)' or at 'C:\Users\Spork\Documents\GitHub\Boring-Warrior_Escape\Escape_V2\Debug\sfml-window-s-d.pdb'; linking object as if no debug info
     1>sfml-window-s-d.lib(WindowImpl.cpp.obj) : warning LNK4099: PDB 'sfml-window-s-d.pdb' was not found with 'sfml-window-s-d.lib(WindowImpl.cpp.obj)' or at 'C:\Users\Spork\Documents\GitHub\Boring-Warrior_Escape\Escape_V2\Debug\sfml-window-s-d.pdb'; linking object as if no debug info
     1>sfml-window-s-d.lib(WglContext.cpp.obj) : warning LNK4099: PDB 'sfml-window-s-d.pdb' was not found with 'sfml-window-s-d.lib(WglContext.cpp.obj)' or at 'C:\Users\Spork\Documents\GitHub\Boring-Warrior_Escape\Escape_V2\Debug\sfml-window-s-d.pdb'; linking object as if no debug info
     1>sfml-window-s-d.lib(JoystickImpl.cpp.obj) : warning LNK4099: PDB 'sfml-window-s-d.pdb' was not found with 'sfml-window-s-d.lib(JoystickImpl.cpp.obj)' or at 'C:\Users\Spork\Documents\GitHub\Boring-Warrior_Escape\Escape_V2\Debug\sfml-window-s-d.pdb'; linking object as if no debug info
     1>sfml-window-s-d.lib(VideoModeImpl.cpp.obj) : warning LNK4099: PDB 'sfml-window-s-d.pdb' was not found with 'sfml-window-s-d.lib(VideoModeImpl.cpp.obj)' or at 'C:\Users\Spork\Documents\GitHub\Boring-Warrior_Escape\Escape_V2\Debug\sfml-window-s-d.pdb'; linking object as if no debug info
     1>sfml-window-s-d.lib(WindowImplWin32.cpp.obj) : warning LNK4099: PDB 'sfml-window-s-d.pdb' was not found with 'sfml-window-s-d.lib(WindowImplWin32.cpp.obj)' or at 'C:\Users\Spork\Documents\GitHub\Boring-Warrior_Escape\Escape_V2\Debug\sfml-window-s-d.pdb'; linking object as if no debug info
     1>sfml-system-s-d.lib(Clock.cpp.obj) : warning LNK4099: PDB 'sfml-system-s-d.pdb' was not found with 'sfml-system-s-d.lib(Clock.cpp.obj)' or at 'C:\Users\Spork\Documents\GitHub\Boring-Warrior_Escape\Escape_V2\Debug\sfml-system-s-d.pdb'; linking object as if no debug info
     1>sfml-system-s-d.lib(Err.cpp.obj) : warning LNK4099: PDB 'sfml-system-s-d.pdb' was not found with 'sfml-system-s-d.lib(Err.cpp.obj)' or at 'C:\Users\Spork\Documents\GitHub\Boring-Warrior_Escape\Escape_V2\Debug\sfml-system-s-d.pdb'; linking object as if no debug info
     1>sfml-system-s-d.lib(Lock.cpp.obj) : warning LNK4099: PDB 'sfml-system-s-d.pdb' was not found with 'sfml-system-s-d.lib(Lock.cpp.obj)' or at 'C:\Users\Spork\Documents\GitHub\Boring-Warrior_Escape\Escape_V2\Debug\sfml-system-s-d.pdb'; linking object as if no debug info
     1>sfml-system-s-d.lib(Mutex.cpp.obj) : warning LNK4099: PDB 'sfml-system-s-d.pdb' was not found with 'sfml-system-s-d.lib(Mutex.cpp.obj)' or at 'C:\Users\Spork\Documents\GitHub\Boring-Warrior_Escape\Escape_V2\Debug\sfml-system-s-d.pdb'; linking object as if no debug info
     1>sfml-system-s-d.lib(Sleep.cpp.obj) : warning LNK4099: PDB 'sfml-system-s-d.pdb' was not found with 'sfml-system-s-d.lib(Sleep.cpp.obj)' or at 'C:\Users\Spork\Documents\GitHub\Boring-Warrior_Escape\Escape_V2\Debug\sfml-system-s-d.pdb'; linking object as if no debug info
     1>sfml-system-s-d.lib(String.cpp.obj) : warning LNK4099: PDB 'sfml-system-s-d.pdb' was not found with 'sfml-system-s-d.lib(String.cpp.obj)' or at 'C:\Users\Spork\Documents\GitHub\Boring-Warrior_Escape\Escape_V2\Debug\sfml-system-s-d.pdb'; linking object as if no debug info
     1>sfml-system-s-d.lib(ThreadLocal.cpp.obj) : warning LNK4099: PDB 'sfml-system-s-d.pdb' was not found with 'sfml-system-s-d.lib(ThreadLocal.cpp.obj)' or at 'C:\Users\Spork\Documents\GitHub\Boring-Warrior_Escape\Escape_V2\Debug\sfml-system-s-d.pdb'; linking object as if no debug info
     1>sfml-system-s-d.lib(Time.cpp.obj) : warning LNK4099: PDB 'sfml-system-s-d.pdb' was not found with 'sfml-system-s-d.lib(Time.cpp.obj)' or at 'C:\Users\Spork\Documents\GitHub\Boring-Warrior_Escape\Escape_V2\Debug\sfml-system-s-d.pdb'; linking object as if no debug info
     1>sfml-system-s-d.lib(ClockImpl.cpp.obj) : warning LNK4099: PDB 'sfml-system-s-d.pdb' was not found with 'sfml-system-s-d.lib(ClockImpl.cpp.obj)' or at 'C:\Users\Spork\Documents\GitHub\Boring-Warrior_Escape\Escape_V2\Debug\sfml-system-s-d.pdb'; linking object as if no debug info
     1>sfml-system-s-d.lib(MutexImpl.cpp.obj) : warning LNK4099: PDB 'sfml-system-s-d.pdb' was not found with 'sfml-system-s-d.lib(MutexImpl.cpp.obj)' or at 'C:\Users\Spork\Documents\GitHub\Boring-Warrior_Escape\Escape_V2\Debug\sfml-system-s-d.pdb'; linking object as if no debug info
     1>sfml-system-s-d.lib(SleepImpl.cpp.obj) : warning LNK4099: PDB 'sfml-system-s-d.pdb' was not found with 'sfml-system-s-d.lib(SleepImpl.cpp.obj)' or at 'C:\Users\Spork\Documents\GitHub\Boring-Warrior_Escape\Escape_V2\Debug\sfml-system-s-d.pdb'; linking object as if no debug info
     1>sfml-system-s-d.lib(ThreadLocalImpl.cpp.obj) : warning LNK4099: PDB 'sfml-system-s-d.pdb' was not found with 'sfml-system-s-d.lib(ThreadLocalImpl.cpp.obj)' or at 'C:\Users\Spork\Documents\GitHub\Boring-Warrior_Escape\Escape_V2\Debug\sfml-system-s-d.pdb'; linking object as if no debug info
         Escape_V2.vcxproj -> C:\Users\Spork\Documents\GitHub\Boring-Warrior_Escape\Escape_V2\Debug\Escape_V2.exe
     1>Done Building Project "C:\Users\Spork\Documents\GitHub\Boring-Warrior_Escape\Escape_V2\Escape_V2\Escape_V2.vcxproj" (Build target(s)).

Build succeeded.

Time Elapsed 00:00:01.20
